# JRE version: OpenJDK Runtime Environment (21.0.10) (build 21.0.10+-14961533-b1163.108)
# Java VM: OpenJDK 64-Bit Server VM (21.0.10+-14961533-b1163.108, mixed mode, tiered, compressed oops, compressed class ptrs, g1 gc, windows-amd64)
GC Precious Log:
 CardTable entry size: 512
 Card Set container configuration: InlinePtr #cards 5 size 8 Array Of Cards #cards 12 size 40 Howl #buckets 4 coarsen threshold 1843 Howl Bitmap #cards 512 size 80 coarsen threshold 460 Card regions per heap region 1 cards per card region 2048
 CPUs: 4 total, 4 available
 Memory: 8050M
 Large Page Support: Disabled
 NUMA Support: Disabled
 Compressed Oops: Enabled (32-bit)
 Heap Region Size: 1M
 Heap Min Capacity: 8M
 Heap Initial Capacity: 126M
 Heap Max Capacity: 2G
 Pre-touch: Disabled
 Parallel Workers: 4
 Concurrent Workers: 1
 Concurrent Refinement Workers: 4
 Periodic GC: Disabled
Heap:
 garbage-first heap   total 232448K, used 172032K [0x0000000080000000, 0x0000000100000000)
  region size 1024K, 55 young (56320K), 8 survivors (8192K)
 Metaspace       used 122752K, committed 125120K, reserved 1179648K
  class space    used 17243K, committed 18432K, reserved 1048576K
GC Heap History (20 events):
Event: 16.235 GC heap before
{Heap before GC invocations=28 (full 0):
 garbage-first heap   total 148480K, used 136192K [0x0000000080000000, 0x0000000100000000)
  region size 1024K, 62 young (63488K), 8 survivors (8192K)
 Metaspace       used 93144K, committed 95232K, reserved 1179648K
  class space    used 12995K, committed 14016K, reserved 1048576K
}
Event: 16.246 GC heap after
{Heap after GC invocations=29 (full 0):
 garbage-first heap   total 149504K, used 84728K [0x0000000080000000, 0x0000000100000000)
  region size 1024K, 4 young (4096K), 4 survivors (4096K)
 Metaspace       used 93144K, committed 95232K, reserved 1179648K
  class space    used 12995K, committed 14016K, reserved 1048576K
}
Event: 17.136 GC heap before
{Heap before GC invocations=29 (full 0):
 garbage-first heap   total 149504K, used 136952K [0x0000000080000000, 0x0000000100000000)
  region size 1024K, 55 young (56320K), 4 survivors (4096K)
 Metaspace       used 96494K, committed 98688K, reserved 1179648K
  class space    used 13455K, committed 14528K, reserved 1048576K
}
Event: 17.143 GC heap after
{Heap after GC invocations=30 (full 0):
 garbage-first heap   total 149504K, used 86830K [0x0000000080000000, 0x0000000100000000)
  region size 1024K, 6 young (6144K), 6 survivors (6144K)
 Metaspace       used 96494K, committed 98688K, reserved 1179648K
  class space    used 13455K, committed 14528K, reserved 1048576K
}
Event: 18.064 GC heap before
{Heap before GC invocations=31 (full 0):
 garbage-first heap   total 149504K, used 138030K [0x0000000080000000, 0x0000000100000000)
  region size 1024K, 56 young (57344K), 6 survivors (6144K)
 Metaspace       used 99970K, committed 102144K, reserved 1179648K
  class space    used 14054K, committed 15104K, reserved 1048576K
}
Event: 18.073 GC heap after
{Heap after GC invocations=32 (full 0):
 garbage-first heap   total 149504K, used 88354K [0x0000000080000000, 0x0000000100000000)
  region size 1024K, 4 young (4096K), 4 survivors (4096K)
 Metaspace       used 99970K, committed 102144K, reserved 1179648K
  class space    used 14054K, committed 15104K, reserved 1048576K
}
Event: 18.891 GC heap before
{Heap before GC invocations=32 (full 0):
 garbage-first heap   total 149504K, used 139554K [0x0000000080000000, 0x0000000100000000)
  region size 1024K, 54 young (55296K), 4 survivors (4096K)
 Metaspace       used 103601K, committed 105856K, reserved 1179648K
  class space    used 14652K, committed 15744K, reserved 1048576K
}
Event: 18.903 GC heap after
{Heap after GC invocations=33 (full 0):
 garbage-first heap   total 180224K, used 89341K [0x0000000080000000, 0x0000000100000000)
  region size 1024K, 6 young (6144K), 6 survivors (6144K)
 Metaspace       used 103601K, committed 105856K, reserved 1179648K
  class space    used 14652K, committed 15744K, reserved 1048576K
}
Event: 19.984 GC heap before
{Heap before GC invocations=33 (full 0):
 garbage-first heap   total 180224K, used 167165K [0x0000000080000000, 0x0000000100000000)
  region size 1024K, 82 young (83968K), 6 survivors (6144K)
 Metaspace       used 109222K, committed 111488K, reserved 1179648K
  class space    used 15524K, committed 16640K, reserved 1048576K
}
Event: 19.996 GC heap after
{Heap after GC invocations=34 (full 0):
 garbage-first heap   total 180224K, used 92933K [0x0000000080000000, 0x0000000100000000)
  region size 1024K, 9 young (9216K), 9 survivors (9216K)
 Metaspace       used 109222K, committed 111488K, reserved 1179648K
  class space    used 15524K, committed 16640K, reserved 1048576K
}
Event: 20.996 GC heap before
{Heap before GC invocations=34 (full 0):
 garbage-first heap   total 180224K, used 166661K [0x0000000080000000, 0x0000000100000000)
  region size 1024K, 81 young (82944K), 9 survivors (9216K)
 Metaspace       used 113692K, committed 116032K, reserved 1179648K
  class space    used 16117K, committed 17216K, reserved 1048576K
}
Event: 21.015 GC heap after
{Heap after GC invocations=35 (full 0):
 garbage-first heap   total 182272K, used 98724K [0x0000000080000000, 0x0000000100000000)
  region size 1024K, 11 young (11264K), 11 survivors (11264K)
 Metaspace       used 113692K, committed 116032K, reserved 1179648K
  class space    used 16117K, committed 17216K, reserved 1048576K
}
Event: 21.379 GC heap before
{Heap before GC invocations=35 (full 0):
 garbage-first heap   total 182272K, used 132516K [0x0000000080000000, 0x0000000100000000)
  region size 1024K, 45 young (46080K), 11 survivors (11264K)
 Metaspace       used 113898K, committed 116224K, reserved 1179648K
  class space    used 16128K, committed 17216K, reserved 1048576K
}
Event: 21.400 GC heap after
{Heap after GC invocations=36 (full 0):
 garbage-first heap   total 182272K, used 107194K [0x0000000080000000, 0x0000000100000000)
  region size 1024K, 8 young (8192K), 8 survivors (8192K)
 Metaspace       used 113898K, committed 116224K, reserved 1179648K
  class space    used 16128K, committed 17216K, reserved 1048576K
}
Event: 22.899 GC heap before
{Heap before GC invocations=37 (full 0):
 garbage-first heap   total 188416K, used 176826K [0x0000000080000000, 0x0000000100000000)
  region size 1024K, 67 young (68608K), 8 survivors (8192K)
 Metaspace       used 120329K, committed 122752K, reserved 1179648K
  class space    used 16935K, committed 18112K, reserved 1048576K
}
Event: 22.917 GC heap after
{Heap after GC invocations=38 (full 0):
 garbage-first heap   total 193536K, used 114397K [0x0000000080000000, 0x0000000100000000)
  region size 1024K, 8 young (8192K), 8 survivors (8192K)
 Metaspace       used 120329K, committed 122752K, reserved 1179648K
  class space    used 16935K, committed 18112K, reserved 1048576K
}
Event: 23.957 GC heap before
{Heap before GC invocations=38 (full 0):
 garbage-first heap   total 193536K, used 173789K [0x0000000080000000, 0x0000000100000000)
  region size 1024K, 67 young (68608K), 8 survivors (8192K)
 Metaspace       used 121190K, committed 123520K, reserved 1179648K
  class space    used 17031K, committed 18176K, reserved 1048576K
}
Event: 23.973 GC heap after
{Heap after GC invocations=39 (full 0):
 garbage-first heap   total 193536K, used 117941K [0x0000000080000000, 0x0000000100000000)
  region size 1024K, 5 young (5120K), 5 survivors (5120K)
 Metaspace       used 121190K, committed 123520K, reserved 1179648K
  class space    used 17031K, committed 18176K, reserved 1048576K
}
Event: 24.820 GC heap before
{Heap before GC invocations=39 (full 0):
 garbage-first heap   total 193536K, used 176309K [0x0000000080000000, 0x0000000100000000)
  region size 1024K, 63 young (64512K), 5 survivors (5120K)
 Metaspace       used 122323K, committed 124736K, reserved 1179648K
  class space    used 17182K, committed 18368K, reserved 1048576K
}
Event: 24.829 GC heap after
{Heap after GC invocations=40 (full 0):
 garbage-first heap   total 232448K, used 123904K [0x0000000080000000, 0x0000000100000000)
  region size 1024K, 8 young (8192K), 8 survivors (8192K)
 Metaspace       used 122323K, committed 124736K, reserved 1179648K
  class space    used 17182K, committed 18368K, reserved 1048576K
}

